c:\users\orlik\desktop\c#\lab 4\mydll\mydll\debug\mydll.pch
c:\users\orlik\desktop\c#\lab 4\mydll\mydll\debug\vc142.pdb
c:\users\orlik\desktop\c#\lab 4\mydll\mydll\debug\vc142.idb
c:\users\orlik\desktop\c#\lab 4\mydll\mydll\debug\pch.obj
c:\users\orlik\desktop\c#\lab 4\mydll\mydll\debug\mydll.obj
c:\users\orlik\desktop\c#\lab 4\mydll\mydll\debug\dllmain.obj
c:\users\orlik\desktop\c#\lab 4\mydll\debug\mydll.ilk
c:\users\orlik\desktop\c#\lab 4\mydll\debug\mydll.dll
c:\users\orlik\desktop\c#\lab 4\mydll\debug\mydll.pdb
c:\users\orlik\desktop\c#\lab 4\mydll\debug\mydll.lib
c:\users\orlik\desktop\c#\lab 4\mydll\debug\mydll.exp
c:\users\orlik\desktop\c#\lab 4\mydll\mydll\debug\mydll.res
c:\users\orlik\desktop\c#\lab 4\mydll\mydll\debug\mydll.tlog\cl.command.1.tlog
c:\users\orlik\desktop\c#\lab 4\mydll\mydll\debug\mydll.tlog\cl.read.1.tlog
c:\users\orlik\desktop\c#\lab 4\mydll\mydll\debug\mydll.tlog\cl.write.1.tlog
c:\users\orlik\desktop\c#\lab 4\mydll\mydll\debug\mydll.tlog\link.command.1.tlog
c:\users\orlik\desktop\c#\lab 4\mydll\mydll\debug\mydll.tlog\link.read.1.tlog
c:\users\orlik\desktop\c#\lab 4\mydll\mydll\debug\mydll.tlog\link.write.1.tlog
c:\users\orlik\desktop\c#\lab 4\mydll\mydll\debug\mydll.tlog\mydll.write.1u.tlog
c:\users\orlik\desktop\c#\lab 4\mydll\mydll\debug\mydll.tlog\rc.command.1.tlog
c:\users\orlik\desktop\c#\lab 4\mydll\mydll\debug\mydll.tlog\rc.read.1.tlog
c:\users\orlik\desktop\c#\lab 4\mydll\mydll\debug\mydll.tlog\rc.write.1.tlog
